<?xml version="1.0" encoding="UTF-8"?>
<!-- Generated by org.testng.reporters.JUnitReportReporter -->
<testsuite hostname="L-INE-F4V0Y93" failures="0" tests="3" name="com.SeleniumJenkins.SeleniumJenkinsDemo.Test2" time="9.735" errors="0" timestamp="2023-09-06T12:24:47 IST" skipped="0">
  <testcase classname="com.SeleniumJenkins.SeleniumJenkinsDemo.Test2" name="f3" time="3.454"/>
  <testcase classname="com.SeleniumJenkins.SeleniumJenkinsDemo.Test2" name="f" time="3.496"/>
  <testcase classname="com.SeleniumJenkins.SeleniumJenkinsDemo.Test2" name="f2" time="2.785"/>
</testsuite> <!-- com.SeleniumJenkins.SeleniumJenkinsDemo.Test2 -->
