<?xml version="1.0" encoding="UTF-8"?>
<!-- Generated by org.testng.reporters.JUnitReportReporter -->
<testsuite hostname="L-INE-F4V0Y93" failures="0" tests="1" name="com.SeleniumJenkins.SeleniumJenkinsDemo.NewTest" time="0.007" errors="0" timestamp="2023-09-05T17:49:59 IST" skipped="0">
  <testcase classname="com.SeleniumJenkins.SeleniumJenkinsDemo.NewTest" name="f" time="0.007"/>
</testsuite> <!-- com.SeleniumJenkins.SeleniumJenkinsDemo.NewTest -->
