<?xml version="1.0" encoding="UTF-8"?>
<!-- Generated by org.testng.reporters.JUnitReportReporter -->
<testsuite hostname="L-INE-F4V0Y93" failures="0" tests="1" name="com.SeleniumJenkins.SeleniumJenkinsDemo.AssertExample" time="18.847" errors="0" timestamp="2023-09-06T14:08:57 IST" skipped="0">
  <testcase classname="com.SeleniumJenkins.SeleniumJenkinsDemo.AssertExample" name="f1" time="18.847"/>
</testsuite> <!-- com.SeleniumJenkins.SeleniumJenkinsDemo.AssertExample -->
