<?xml version="1.0" encoding="UTF-8"?>
<!-- Generated by org.testng.reporters.JUnitReportReporter -->
<testsuite hostname="L-INE-F4V0Y93" failures="0" tests="1" name="com.SeleniumJenkins.SeleniumJenkinsDemo.ListenerDemo" time="20.501" errors="0" timestamp="2023-09-06T14:48:30 IST" skipped="0">
  <testcase classname="com.SeleniumJenkins.SeleniumJenkinsDemo.ListenerDemo" name="f1" time="20.501"/>
</testsuite> <!-- com.SeleniumJenkins.SeleniumJenkinsDemo.ListenerDemo -->
