<?xml version="1.0" encoding="UTF-8"?>
<!-- Generated by org.testng.reporters.JUnitReportReporter -->
<testsuite hostname="L-INE-F4V0Y93" failures="0" tests="3" name="com.SeleniumJenkins.SeleniumJenkinsDemo.Test2" time="11.644" errors="0" timestamp="2023-09-08T16:53:50 IST" skipped="0">
  <testcase classname="com.SeleniumJenkins.SeleniumJenkinsDemo.Test2" name="f2" time="2.780"/>
  <testcase classname="com.SeleniumJenkins.SeleniumJenkinsDemo.Test2" name="f" time="5.666"/>
  <testcase classname="com.SeleniumJenkins.SeleniumJenkinsDemo.Test2" name="f3" time="3.198"/>
</testsuite> <!-- com.SeleniumJenkins.SeleniumJenkinsDemo.Test2 -->
